\BOOKMARK [0][-]{chapter.1}{\376\377\000R\000e\000p\000a\000s\000t\000\040\000H\000P\000C\000-\000\040\000R\000e\000L\000o\000g\000o\000\040\000L\000o\000g\000o\000-\000L\000i\000k\000e\000\040\000S\000e\000m\000a\000n\000t\000i\000c\000s\000\040\000f\000o\000r\000\040\000R\000e\000p\000a\000s\000t\000\040\000H\000P\000C}{}% 1
\BOOKMARK [1][-]{section.1.1}{\376\377\000W\000h\000a\000t\000\040\000i\000s\000\040\000R\000e\000L\000o\000g\000o}{chapter.1}% 2
\BOOKMARK [0][-]{chapter.2}{\376\377\000H\000i\000e\000r\000a\000r\000c\000h\000i\000c\000a\000l\000\040\000I\000n\000d\000e\000x}{}% 3
\BOOKMARK [1][-]{section.2.1}{\376\377\000C\000l\000a\000s\000s\000\040\000H\000i\000e\000r\000a\000r\000c\000h\000y}{chapter.2}% 4
\BOOKMARK [0][-]{chapter.3}{\376\377\000C\000l\000a\000s\000s\000\040\000I\000n\000d\000e\000x}{}% 5
\BOOKMARK [1][-]{section.3.1}{\376\377\000C\000l\000a\000s\000s\000\040\000L\000i\000s\000t}{chapter.3}% 6
\BOOKMARK [0][-]{chapter.4}{\376\377\000C\000l\000a\000s\000s\000\040\000D\000o\000c\000u\000m\000e\000n\000t\000a\000t\000i\000o\000n}{}% 7
\BOOKMARK [1][-]{section.4.1}{\376\377\000r\000e\000p\000a\000s\000t\000:\000:\000r\000e\000l\000o\000g\000o\000:\000:\000A\000b\000s\000t\000r\000a\000c\000t\000R\000e\000l\000o\000g\000o\000A\000g\000e\000n\000t\000\040\000C\000l\000a\000s\000s\000\040\000R\000e\000f\000e\000r\000e\000n\000c\000e}{chapter.4}% 8
\BOOKMARK [2][-]{subsection.4.1.1}{\376\377\000D\000e\000t\000a\000i\000l\000e\000d\000\040\000D\000e\000s\000c\000r\000i\000p\000t\000i\000o\000n}{section.4.1}% 9
\BOOKMARK [2][-]{subsection.4.1.2}{\376\377\000M\000e\000m\000b\000e\000r\000\040\000F\000u\000n\000c\000t\000i\000o\000n\000\040\000D\000o\000c\000u\000m\000e\000n\000t\000a\000t\000i\000o\000n}{section.4.1}% 10
\BOOKMARK [3][-]{subsubsection.4.1.2.1}{\376\377\000i\000n\000R\000a\000d\000i\000u\000s}{subsection.4.1.2}% 11
\BOOKMARK [3][-]{subsubsection.4.1.2.2}{\376\377\000p\000a\000t\000c\000h\000A\000t}{subsection.4.1.2}% 12
\BOOKMARK [3][-]{subsubsection.4.1.2.3}{\376\377\000p\000a\000t\000c\000h\000A\000t\000H\000e\000a\000d\000i\000n\000g\000A\000n\000d\000D\000i\000s\000t\000a\000n\000c\000e}{subsection.4.1.2}% 13
\BOOKMARK [3][-]{subsubsection.4.1.2.4}{\376\377\000p\000x\000C\000o\000r}{subsection.4.1.2}% 14
\BOOKMARK [3][-]{subsubsection.4.1.2.5}{\376\377\000p\000y\000C\000o\000r}{subsection.4.1.2}% 15
\BOOKMARK [3][-]{subsubsection.4.1.2.6}{\376\377\000t\000u\000r\000t\000l\000e\000s\000H\000e\000r\000e}{subsection.4.1.2}% 16
\BOOKMARK [3][-]{subsubsection.4.1.2.7}{\376\377\000t\000u\000r\000t\000l\000e\000s\000H\000e\000r\000e}{subsection.4.1.2}% 17
\BOOKMARK [3][-]{subsubsection.4.1.2.8}{\376\377\000t\000u\000r\000t\000l\000e\000s\000O\000n}{subsection.4.1.2}% 18
\BOOKMARK [3][-]{subsubsection.4.1.2.9}{\376\377\000t\000u\000r\000t\000l\000e\000s\000O\000n}{subsection.4.1.2}% 19
\BOOKMARK [1][-]{section.4.2}{\376\377\000r\000e\000p\000a\000s\000t\000:\000:\000r\000e\000l\000o\000g\000o\000:\000:\000A\000g\000e\000n\000t\000S\000e\000t\000<\000\040\000T\000\040\000>\000\040\000C\000l\000a\000s\000s\000\040\000T\000e\000m\000p\000l\000a\000t\000e\000\040\000R\000e\000f\000e\000r\000e\000n\000c\000e}{chapter.4}% 20
\BOOKMARK [2][-]{subsection.4.2.1}{\376\377\000D\000e\000t\000a\000i\000l\000e\000d\000\040\000D\000e\000s\000c\000r\000i\000p\000t\000i\000o\000n}{section.4.2}% 21
\BOOKMARK [2][-]{subsection.4.2.2}{\376\377\000M\000e\000m\000b\000e\000r\000\040\000F\000u\000n\000c\000t\000i\000o\000n\000\040\000D\000o\000c\000u\000m\000e\000n\000t\000a\000t\000i\000o\000n}{section.4.2}% 22
\BOOKMARK [3][-]{subsubsection.4.2.2.1}{\376\377\000a\000p\000p\000l\000y}{subsection.4.2.2}% 23
\BOOKMARK [3][-]{subsubsection.4.2.2.2}{\376\377\000a\000p\000p\000l\000y}{subsection.4.2.2}% 24
\BOOKMARK [3][-]{subsubsection.4.2.2.3}{\376\377\000a\000s\000k}{subsection.4.2.2}% 25
\BOOKMARK [3][-]{subsubsection.4.2.2.4}{\376\377\000a\000s\000k}{subsection.4.2.2}% 26
\BOOKMARK [3][-]{subsubsection.4.2.2.5}{\376\377\000a\000s\000k}{subsection.4.2.2}% 27
\BOOKMARK [3][-]{subsubsection.4.2.2.6}{\376\377\000a\000t}{subsection.4.2.2}% 28
\BOOKMARK [3][-]{subsubsection.4.2.2.7}{\376\377\000b\000e\000g\000i\000n}{subsection.4.2.2}% 29
\BOOKMARK [3][-]{subsubsection.4.2.2.8}{\376\377\000b\000e\000g\000i\000n}{subsection.4.2.2}% 30
\BOOKMARK [3][-]{subsubsection.4.2.2.9}{\376\377\000c\000o\000u\000n\000t}{subsection.4.2.2}% 31
\BOOKMARK [3][-]{subsubsection.4.2.2.10}{\376\377\000e\000n\000d}{subsection.4.2.2}% 32
\BOOKMARK [3][-]{subsubsection.4.2.2.11}{\376\377\000e\000n\000d}{subsection.4.2.2}% 33
\BOOKMARK [3][-]{subsubsection.4.2.2.12}{\376\377\000m\000a\000x\000N\000O\000f}{subsection.4.2.2}% 34
\BOOKMARK [3][-]{subsubsection.4.2.2.13}{\376\377\000m\000a\000x\000O\000n\000e\000O\000f}{subsection.4.2.2}% 35
\BOOKMARK [3][-]{subsubsection.4.2.2.14}{\376\377\000m\000i\000n\000N\000O\000f}{subsection.4.2.2}% 36
\BOOKMARK [3][-]{subsubsection.4.2.2.15}{\376\377\000m\000i\000n\000O\000n\000e\000O\000f}{subsection.4.2.2}% 37
\BOOKMARK [3][-]{subsubsection.4.2.2.16}{\376\377\000o\000n\000e\000O\000f}{subsection.4.2.2}% 38
\BOOKMARK [3][-]{subsubsection.4.2.2.17}{\376\377\000o\000p\000e\000r\000a\000t\000o\000r\000[\000]}{subsection.4.2.2}% 39
\BOOKMARK [3][-]{subsubsection.4.2.2.18}{\376\377\000s\000i\000z\000e}{subsection.4.2.2}% 40
\BOOKMARK [3][-]{subsubsection.4.2.2.19}{\376\377\000w\000i\000t\000h\000M\000a\000x}{subsection.4.2.2}% 41
\BOOKMARK [3][-]{subsubsection.4.2.2.20}{\376\377\000w\000i\000t\000h\000M\000i\000n}{subsection.4.2.2}% 42
\BOOKMARK [1][-]{section.4.3}{\376\377\000r\000e\000p\000a\000s\000t\000:\000:\000r\000e\000l\000o\000g\000o\000:\000:\000C\000a\000s\000t\000e\000r\000<\000\040\000T\000a\000r\000g\000e\000t\000T\000y\000p\000e\000\040\000>\000\040\000S\000t\000r\000u\000c\000t\000\040\000T\000e\000m\000p\000l\000a\000t\000e\000\040\000R\000e\000f\000e\000r\000e\000n\000c\000e}{chapter.4}% 43
\BOOKMARK [2][-]{subsection.4.3.1}{\376\377\000D\000e\000t\000a\000i\000l\000e\000d\000\040\000D\000e\000s\000c\000r\000i\000p\000t\000i\000o\000n}{section.4.3}% 44
\BOOKMARK [1][-]{section.4.4}{\376\377\000r\000e\000p\000a\000s\000t\000:\000:\000r\000e\000l\000o\000g\000o\000:\000:\000C\000a\000s\000t\000e\000r\0002\000<\000\040\000T\000a\000r\000g\000e\000t\000T\000y\000p\000e\000\040\000>\000\040\000S\000t\000r\000u\000c\000t\000\040\000T\000e\000m\000p\000l\000a\000t\000e\000\040\000R\000e\000f\000e\000r\000e\000n\000c\000e}{chapter.4}% 45
\BOOKMARK [2][-]{subsection.4.4.1}{\376\377\000D\000e\000t\000a\000i\000l\000e\000d\000\040\000D\000e\000s\000c\000r\000i\000p\000t\000i\000o\000n}{section.4.4}% 46
\BOOKMARK [1][-]{section.4.5}{\376\377\000r\000e\000p\000a\000s\000t\000:\000:\000r\000e\000l\000o\000g\000o\000:\000:\000D\000e\000f\000a\000u\000l\000t\000A\000g\000e\000n\000t\000C\000r\000e\000a\000t\000o\000r\000<\000\040\000A\000g\000e\000n\000t\000\040\000>\000\040\000S\000t\000r\000u\000c\000t\000\040\000T\000e\000m\000p\000l\000a\000t\000e\000\040\000R\000e\000f\000e\000r\000e\000n\000c\000e}{chapter.4}% 47
\BOOKMARK [2][-]{subsection.4.5.1}{\376\377\000D\000e\000t\000a\000i\000l\000e\000d\000\040\000D\000e\000s\000c\000r\000i\000p\000t\000i\000o\000n}{section.4.5}% 48
\BOOKMARK [1][-]{section.4.6}{\376\377\000r\000e\000p\000a\000s\000t\000:\000:\000r\000e\000l\000o\000g\000o\000:\000:\000D\000e\000f\000a\000u\000l\000t\000L\000i\000n\000k\000C\000r\000e\000a\000t\000o\000r\000\040\000S\000t\000r\000u\000c\000t\000\040\000R\000e\000f\000e\000r\000e\000n\000c\000e}{chapter.4}% 49
\BOOKMARK [2][-]{subsection.4.6.1}{\376\377\000D\000e\000t\000a\000i\000l\000e\000d\000\040\000D\000e\000s\000c\000r\000i\000p\000t\000i\000o\000n}{section.4.6}% 50
\BOOKMARK [1][-]{section.4.7}{\376\377\000r\000e\000p\000a\000s\000t\000:\000:\000r\000e\000l\000o\000g\000o\000:\000:\000I\000s\000A\000g\000e\000n\000t\000T\000y\000p\000e\000N\000o\000D\000u\000p\000<\000\040\000T\000\040\000>\000\040\000S\000t\000r\000u\000c\000t\000\040\000T\000e\000m\000p\000l\000a\000t\000e\000\040\000R\000e\000f\000e\000r\000e\000n\000c\000e}{chapter.4}% 51
\BOOKMARK [2][-]{subsection.4.7.1}{\376\377\000D\000e\000t\000a\000i\000l\000e\000d\000\040\000D\000e\000s\000c\000r\000i\000p\000t\000i\000o\000n}{section.4.7}% 52
\BOOKMARK [1][-]{section.4.8}{\376\377\000r\000e\000p\000a\000s\000t\000:\000:\000r\000e\000l\000o\000g\000o\000:\000:\000O\000b\000s\000e\000r\000v\000e\000r\000\040\000C\000l\000a\000s\000s\000\040\000R\000e\000f\000e\000r\000e\000n\000c\000e}{chapter.4}% 53
\BOOKMARK [2][-]{subsection.4.8.1}{\376\377\000D\000e\000t\000a\000i\000l\000e\000d\000\040\000D\000e\000s\000c\000r\000i\000p\000t\000i\000o\000n}{section.4.8}% 54
\BOOKMARK [2][-]{subsection.4.8.2}{\376\377\000M\000e\000m\000b\000e\000r\000\040\000F\000u\000n\000c\000t\000i\000o\000n\000\040\000D\000o\000c\000u\000m\000e\000n\000t\000a\000t\000i\000o\000n}{section.4.8}% 55
\BOOKMARK [3][-]{subsubsection.4.8.2.1}{\376\377\000\137\000s\000e\000t\000u\000p}{subsection.4.8.2}% 56
\BOOKMARK [3][-]{subsubsection.4.8.2.2}{\376\377\000a\000d\000d\000D\000a\000t\000a\000S\000e\000t}{subsection.4.8.2}% 57
\BOOKMARK [3][-]{subsubsection.4.8.2.3}{\376\377\000c\000r\000e\000a\000t\000e}{subsection.4.8.2}% 58
\BOOKMARK [3][-]{subsubsection.4.8.2.4}{\376\377\000c\000r\000e\000a\000t\000e}{subsection.4.8.2}% 59
\BOOKMARK [3][-]{subsubsection.4.8.2.5}{\376\377\000c\000r\000e\000a\000t\000e\000L\000i\000n\000k}{subsection.4.8.2}% 60
\BOOKMARK [3][-]{subsubsection.4.8.2.6}{\376\377\000c\000r\000e\000a\000t\000e\000L\000i\000n\000k}{subsection.4.8.2}% 61
\BOOKMARK [3][-]{subsubsection.4.8.2.7}{\376\377\000g\000e\000t}{subsection.4.8.2}% 62
\BOOKMARK [3][-]{subsubsection.4.8.2.8}{\376\377\000g\000e\000t}{subsection.4.8.2}% 63
\BOOKMARK [3][-]{subsubsection.4.8.2.9}{\376\377\000g\000e\000t}{subsection.4.8.2}% 64
\BOOKMARK [3][-]{subsubsection.4.8.2.10}{\376\377\000g\000e\000t}{subsection.4.8.2}% 65
\BOOKMARK [3][-]{subsubsection.4.8.2.11}{\376\377\000g\000o}{subsection.4.8.2}% 66
\BOOKMARK [3][-]{subsubsection.4.8.2.12}{\376\377\000g\000r\000i\000d}{subsection.4.8.2}% 67
\BOOKMARK [3][-]{subsubsection.4.8.2.13}{\376\377\000h\000a\000t\000c\000h}{subsection.4.8.2}% 68
\BOOKMARK [3][-]{subsubsection.4.8.2.14}{\376\377\000h\000a\000t\000c\000h}{subsection.4.8.2}% 69
\BOOKMARK [3][-]{subsubsection.4.8.2.15}{\376\377\000i\000n\000R\000a\000d\000i\000u\000s}{subsection.4.8.2}% 70
\BOOKMARK [3][-]{subsubsection.4.8.2.16}{\376\377\000l\000i\000n\000k}{subsection.4.8.2}% 71
\BOOKMARK [3][-]{subsubsection.4.8.2.17}{\376\377\000m\000a\000x\000P\000x\000c\000o\000r}{subsection.4.8.2}% 72
\BOOKMARK [3][-]{subsubsection.4.8.2.18}{\376\377\000m\000a\000x\000P\000y\000c\000o\000r}{subsection.4.8.2}% 73
\BOOKMARK [3][-]{subsubsection.4.8.2.19}{\376\377\000m\000i\000n\000P\000x\000c\000o\000r}{subsection.4.8.2}% 74
\BOOKMARK [3][-]{subsubsection.4.8.2.20}{\376\377\000m\000i\000n\000P\000y\000c\000o\000r}{subsection.4.8.2}% 75
\BOOKMARK [3][-]{subsubsection.4.8.2.21}{\376\377\000p\000a\000t\000c\000h\000A\000t}{subsection.4.8.2}% 76
\BOOKMARK [3][-]{subsubsection.4.8.2.22}{\376\377\000p\000a\000t\000c\000h\000A\000t}{subsection.4.8.2}% 77
\BOOKMARK [3][-]{subsubsection.4.8.2.23}{\376\377\000p\000a\000t\000c\000h\000A\000t}{subsection.4.8.2}% 78
\BOOKMARK [3][-]{subsubsection.4.8.2.24}{\376\377\000p\000a\000t\000c\000h\000A\000t\000O\000f\000f\000s\000e\000t}{subsection.4.8.2}% 79
\BOOKMARK [3][-]{subsubsection.4.8.2.25}{\376\377\000p\000a\000t\000c\000h\000e\000s}{subsection.4.8.2}% 80
\BOOKMARK [3][-]{subsubsection.4.8.2.26}{\376\377\000p\000a\000t\000c\000h\000e\000s}{subsection.4.8.2}% 81
\BOOKMARK [3][-]{subsubsection.4.8.2.27}{\376\377\000p\000r\000e\000d\000e\000c\000e\000s\000s\000o\000r\000s}{subsection.4.8.2}% 82
\BOOKMARK [3][-]{subsubsection.4.8.2.28}{\376\377\000r\000a\000n\000d\000o\000m\000P\000x\000c\000o\000r}{subsection.4.8.2}% 83
\BOOKMARK [3][-]{subsubsection.4.8.2.29}{\376\377\000r\000a\000n\000d\000o\000m\000P\000y\000c\000o\000r}{subsection.4.8.2}% 84
\BOOKMARK [3][-]{subsubsection.4.8.2.30}{\376\377\000r\000a\000n\000d\000o\000m\000X\000c\000o\000r}{subsection.4.8.2}% 85
\BOOKMARK [3][-]{subsubsection.4.8.2.31}{\376\377\000r\000a\000n\000d\000o\000m\000Y\000c\000o\000r}{subsection.4.8.2}% 86
\BOOKMARK [3][-]{subsubsection.4.8.2.32}{\376\377\000r\000a\000n\000k}{subsection.4.8.2}% 87
\BOOKMARK [3][-]{subsubsection.4.8.2.33}{\376\377\000s\000e\000t\000u\000p}{subsection.4.8.2}% 88
\BOOKMARK [3][-]{subsubsection.4.8.2.34}{\376\377\000s\000p\000a\000c\000e}{subsection.4.8.2}% 89
\BOOKMARK [3][-]{subsubsection.4.8.2.35}{\376\377\000s\000u\000c\000c\000e\000s\000s\000o\000r\000s}{subsection.4.8.2}% 90
\BOOKMARK [3][-]{subsubsection.4.8.2.36}{\376\377\000s\000y\000n\000c\000h\000r\000o\000n\000i\000z\000e\000T\000u\000r\000t\000l\000e\000S\000t\000a\000t\000e\000s}{subsection.4.8.2}% 91
\BOOKMARK [3][-]{subsubsection.4.8.2.37}{\376\377\000s\000y\000n\000c\000h\000r\000o\000n\000i\000z\000e\000T\000u\000r\000t\000l\000e\000S\000t\000a\000t\000u\000s}{subsection.4.8.2}% 92
\BOOKMARK [3][-]{subsubsection.4.8.2.38}{\376\377\000t\000u\000r\000t\000l\000e\000s\000A\000t}{subsection.4.8.2}% 93
\BOOKMARK [3][-]{subsubsection.4.8.2.39}{\376\377\000t\000u\000r\000t\000l\000e\000s\000A\000t}{subsection.4.8.2}% 94
\BOOKMARK [3][-]{subsubsection.4.8.2.40}{\376\377\000t\000u\000r\000t\000l\000e\000s\000O\000n}{subsection.4.8.2}% 95
\BOOKMARK [3][-]{subsubsection.4.8.2.41}{\376\377\000t\000u\000r\000t\000l\000e\000s\000O\000n}{subsection.4.8.2}% 96
\BOOKMARK [3][-]{subsubsection.4.8.2.42}{\376\377\000w\000h\000o}{subsection.4.8.2}% 97
\BOOKMARK [1][-]{section.4.9}{\376\377\000r\000e\000p\000a\000s\000t\000:\000:\000r\000e\000l\000o\000g\000o\000:\000:\000P\000a\000t\000c\000h\000\040\000C\000l\000a\000s\000s\000\040\000R\000e\000f\000e\000r\000e\000n\000c\000e}{chapter.4}% 98
\BOOKMARK [2][-]{subsection.4.9.1}{\376\377\000D\000e\000t\000a\000i\000l\000e\000d\000\040\000D\000e\000s\000c\000r\000i\000p\000t\000i\000o\000n}{section.4.9}% 99
\BOOKMARK [2][-]{subsection.4.9.2}{\376\377\000C\000o\000n\000s\000t\000r\000u\000c\000t\000o\000r\000\040\000\046\000\040\000D\000e\000s\000t\000r\000u\000c\000t\000o\000r\000\040\000D\000o\000c\000u\000m\000e\000n\000t\000a\000t\000i\000o\000n}{section.4.9}% 100
\BOOKMARK [3][-]{subsubsection.4.9.2.1}{\376\377\000P\000a\000t\000c\000h}{subsection.4.9.2}% 101
\BOOKMARK [2][-]{subsection.4.9.3}{\376\377\000M\000e\000m\000b\000e\000r\000\040\000F\000u\000n\000c\000t\000i\000o\000n\000\040\000D\000o\000c\000u\000m\000e\000n\000t\000a\000t\000i\000o\000n}{section.4.9}% 102
\BOOKMARK [3][-]{subsubsection.4.9.3.1}{\376\377\000n\000e\000i\000g\000h\000b\000o\000r\000s}{subsection.4.9.3}% 103
\BOOKMARK [3][-]{subsubsection.4.9.3.2}{\376\377\000n\000e\000i\000g\000h\000b\000o\000r\000s}{subsection.4.9.3}% 104
\BOOKMARK [3][-]{subsubsection.4.9.3.3}{\376\377\000n\000e\000i\000g\000h\000b\000o\000r\000s\0004}{subsection.4.9.3}% 105
\BOOKMARK [3][-]{subsubsection.4.9.3.4}{\376\377\000n\000e\000i\000g\000h\000b\000o\000r\000s\0004}{subsection.4.9.3}% 106
\BOOKMARK [1][-]{section.4.10}{\376\377\000r\000e\000p\000a\000s\000t\000:\000:\000r\000e\000l\000o\000g\000o\000:\000:\000R\000a\000n\000d\000o\000m\000M\000o\000v\000e\000\040\000C\000l\000a\000s\000s\000\040\000R\000e\000f\000e\000r\000e\000n\000c\000e}{chapter.4}% 107
\BOOKMARK [2][-]{subsection.4.10.1}{\376\377\000D\000e\000t\000a\000i\000l\000e\000d\000\040\000D\000e\000s\000c\000r\000i\000p\000t\000i\000o\000n}{section.4.10}% 108
\BOOKMARK [2][-]{subsection.4.10.2}{\376\377\000C\000o\000n\000s\000t\000r\000u\000c\000t\000o\000r\000\040\000\046\000\040\000D\000e\000s\000t\000r\000u\000c\000t\000o\000r\000\040\000D\000o\000c\000u\000m\000e\000n\000t\000a\000t\000i\000o\000n}{section.4.10}% 109
\BOOKMARK [3][-]{subsubsection.4.10.2.1}{\376\377\000R\000a\000n\000d\000o\000m\000M\000o\000v\000e}{subsection.4.10.2}% 110
\BOOKMARK [2][-]{subsection.4.10.3}{\376\377\000M\000e\000m\000b\000e\000r\000\040\000F\000u\000n\000c\000t\000i\000o\000n\000\040\000D\000o\000c\000u\000m\000e\000n\000t\000a\000t\000i\000o\000n}{section.4.10}% 111
\BOOKMARK [3][-]{subsubsection.4.10.3.1}{\376\377\000o\000p\000e\000r\000a\000t\000o\000r\000\050\000\051}{subsection.4.10.3}% 112
\BOOKMARK [1][-]{section.4.11}{\376\377\000r\000e\000p\000a\000s\000t\000:\000:\000r\000e\000l\000o\000g\000o\000:\000:\000R\000e\000l\000o\000g\000o\000A\000g\000e\000n\000t\000\040\000C\000l\000a\000s\000s\000\040\000R\000e\000f\000e\000r\000e\000n\000c\000e}{chapter.4}% 113
\BOOKMARK [2][-]{subsection.4.11.1}{\376\377\000D\000e\000t\000a\000i\000l\000e\000d\000\040\000D\000e\000s\000c\000r\000i\000p\000t\000i\000o\000n}{section.4.11}% 114
\BOOKMARK [2][-]{subsection.4.11.2}{\376\377\000C\000o\000n\000s\000t\000r\000u\000c\000t\000o\000r\000\040\000\046\000\040\000D\000e\000s\000t\000r\000u\000c\000t\000o\000r\000\040\000D\000o\000c\000u\000m\000e\000n\000t\000a\000t\000i\000o\000n}{section.4.11}% 115
\BOOKMARK [3][-]{subsubsection.4.11.2.1}{\376\377\000R\000e\000l\000o\000g\000o\000A\000g\000e\000n\000t}{subsection.4.11.2}% 116
\BOOKMARK [2][-]{subsection.4.11.3}{\376\377\000M\000e\000m\000b\000e\000r\000\040\000F\000u\000n\000c\000t\000i\000o\000n\000\040\000D\000o\000c\000u\000m\000e\000n\000t\000a\000t\000i\000o\000n}{section.4.11}% 117
\BOOKMARK [3][-]{subsubsection.4.11.3.1}{\376\377\000d\000i\000s\000t\000a\000n\000c\000e}{subsection.4.11.3}% 118
\BOOKMARK [3][-]{subsubsection.4.11.3.2}{\376\377\000d\000i\000s\000t\000a\000n\000c\000e\000x\000y}{subsection.4.11.3}% 119
\BOOKMARK [3][-]{subsubsection.4.11.3.3}{\376\377\000g\000e\000t\000I\000d}{subsection.4.11.3}% 120
\BOOKMARK [3][-]{subsubsection.4.11.3.4}{\376\377\000g\000e\000t\000I\000d}{subsection.4.11.3}% 121
\BOOKMARK [3][-]{subsubsection.4.11.3.5}{\376\377\000l\000o\000c\000a\000t\000i\000o\000n}{subsection.4.11.3}% 122
\BOOKMARK [3][-]{subsubsection.4.11.3.6}{\376\377\000p\000x\000C\000o\000r}{subsection.4.11.3}% 123
\BOOKMARK [3][-]{subsubsection.4.11.3.7}{\376\377\000p\000y\000C\000o\000r}{subsection.4.11.3}% 124
\BOOKMARK [3][-]{subsubsection.4.11.3.8}{\376\377\000x\000C\000o\000r}{subsection.4.11.3}% 125
\BOOKMARK [3][-]{subsubsection.4.11.3.9}{\376\377\000y\000C\000o\000r}{subsection.4.11.3}% 126
\BOOKMARK [1][-]{section.4.12}{\376\377\000r\000e\000p\000a\000s\000t\000:\000:\000r\000e\000l\000o\000g\000o\000:\000:\000R\000e\000l\000o\000g\000o\000C\000o\000n\000t\000i\000n\000u\000o\000u\000s\000S\000p\000a\000c\000e\000A\000d\000d\000e\000r\000\040\000C\000l\000a\000s\000s\000\040\000R\000e\000f\000e\000r\000e\000n\000c\000e}{chapter.4}% 127
\BOOKMARK [2][-]{subsection.4.12.1}{\376\377\000D\000e\000t\000a\000i\000l\000e\000d\000\040\000D\000e\000s\000c\000r\000i\000p\000t\000i\000o\000n}{section.4.12}% 128
\BOOKMARK [1][-]{section.4.13}{\376\377\000r\000e\000p\000a\000s\000t\000:\000:\000r\000e\000l\000o\000g\000o\000:\000:\000R\000e\000l\000o\000g\000o\000D\000i\000s\000c\000r\000e\000t\000e\000S\000p\000a\000c\000e\000A\000d\000d\000e\000r\000\040\000C\000l\000a\000s\000s\000\040\000R\000e\000f\000e\000r\000e\000n\000c\000e}{chapter.4}% 129
\BOOKMARK [2][-]{subsection.4.13.1}{\376\377\000D\000e\000t\000a\000i\000l\000e\000d\000\040\000D\000e\000s\000c\000r\000i\000p\000t\000i\000o\000n}{section.4.13}% 130
\BOOKMARK [1][-]{section.4.14}{\376\377\000r\000e\000p\000a\000s\000t\000:\000:\000r\000e\000l\000o\000g\000o\000:\000:\000R\000e\000l\000o\000g\000o\000L\000i\000n\000k\000\040\000C\000l\000a\000s\000s\000\040\000R\000e\000f\000e\000r\000e\000n\000c\000e}{chapter.4}% 131
\BOOKMARK [2][-]{subsection.4.14.1}{\376\377\000D\000e\000t\000a\000i\000l\000e\000d\000\040\000D\000e\000s\000c\000r\000i\000p\000t\000i\000o\000n}{section.4.14}% 132
\BOOKMARK [2][-]{subsection.4.14.2}{\376\377\000C\000o\000n\000s\000t\000r\000u\000c\000t\000o\000r\000\040\000\046\000\040\000D\000e\000s\000t\000r\000u\000c\000t\000o\000r\000\040\000D\000o\000c\000u\000m\000e\000n\000t\000a\000t\000i\000o\000n}{section.4.14}% 133
\BOOKMARK [3][-]{subsubsection.4.14.2.1}{\376\377\000R\000e\000l\000o\000g\000o\000L\000i\000n\000k}{subsection.4.14.2}% 134
\BOOKMARK [3][-]{subsubsection.4.14.2.2}{\376\377\000R\000e\000l\000o\000g\000o\000L\000i\000n\000k}{subsection.4.14.2}% 135
\BOOKMARK [3][-]{subsubsection.4.14.2.3}{\376\377\000R\000e\000l\000o\000g\000o\000L\000i\000n\000k}{subsection.4.14.2}% 136
\BOOKMARK [3][-]{subsubsection.4.14.2.4}{\376\377\000R\000e\000l\000o\000g\000o\000L\000i\000n\000k}{subsection.4.14.2}% 137
\BOOKMARK [1][-]{section.4.15}{\376\377\000r\000e\000p\000a\000s\000t\000:\000:\000r\000e\000l\000o\000g\000o\000:\000:\000R\000e\000l\000o\000g\000o\000L\000i\000n\000k\000C\000o\000n\000t\000e\000n\000t\000\040\000C\000l\000a\000s\000s\000\040\000R\000e\000f\000e\000r\000e\000n\000c\000e}{chapter.4}% 138
\BOOKMARK [2][-]{subsection.4.15.1}{\376\377\000D\000e\000t\000a\000i\000l\000e\000d\000\040\000D\000e\000s\000c\000r\000i\000p\000t\000i\000o\000n}{section.4.15}% 139
\BOOKMARK [1][-]{section.4.16}{\376\377\000r\000e\000p\000a\000s\000t\000:\000:\000r\000e\000l\000o\000g\000o\000:\000:\000R\000e\000l\000o\000g\000o\000L\000i\000n\000k\000C\000o\000n\000t\000e\000n\000t\000M\000a\000n\000a\000g\000e\000r\000\040\000C\000l\000a\000s\000s\000\040\000R\000e\000f\000e\000r\000e\000n\000c\000e}{chapter.4}% 140
\BOOKMARK [2][-]{subsection.4.16.1}{\376\377\000D\000e\000t\000a\000i\000l\000e\000d\000\040\000D\000e\000s\000c\000r\000i\000p\000t\000i\000o\000n}{section.4.16}% 141
\BOOKMARK [1][-]{section.4.17}{\376\377\000r\000e\000p\000a\000s\000t\000:\000:\000r\000e\000l\000o\000g\000o\000:\000:\000R\000e\000l\000o\000g\000o\000S\000h\000a\000r\000e\000d\000C\000o\000n\000t\000i\000n\000u\000o\000u\000s\000S\000p\000a\000c\000e\000<\000\040\000G\000P\000T\000r\000a\000n\000s\000f\000o\000r\000m\000e\000r\000,\000\040\000A\000d\000d\000e\000r\000\040\000>\000\040\000C\000l\000a\000s\000s\000\040\000T\000e\000m\000p\000l\000a\000t\000e\000\040\000R\000e\000f\000e\000r\000e\000n\000c\000e}{chapter.4}% 142
\BOOKMARK [2][-]{subsection.4.17.1}{\376\377\000D\000e\000t\000a\000i\000l\000e\000d\000\040\000D\000e\000s\000c\000r\000i\000p\000t\000i\000o\000n}{section.4.17}% 143
\BOOKMARK [1][-]{section.4.18}{\376\377\000r\000e\000p\000a\000s\000t\000:\000:\000r\000e\000l\000o\000g\000o\000:\000:\000R\000e\000l\000o\000g\000o\000S\000h\000a\000r\000e\000d\000D\000i\000s\000c\000r\000e\000t\000e\000S\000p\000a\000c\000e\000<\000\040\000G\000P\000T\000r\000a\000n\000s\000f\000o\000r\000m\000e\000r\000,\000\040\000A\000d\000d\000e\000r\000\040\000>\000\040\000C\000l\000a\000s\000s\000\040\000T\000e\000m\000p\000l\000a\000t\000e\000\040\000R\000e\000f\000e\000r\000e\000n\000c\000e}{chapter.4}% 144
\BOOKMARK [2][-]{subsection.4.18.1}{\376\377\000D\000e\000t\000a\000i\000l\000e\000d\000\040\000D\000e\000s\000c\000r\000i\000p\000t\000i\000o\000n}{section.4.18}% 145
\BOOKMARK [1][-]{section.4.19}{\376\377\000r\000e\000p\000a\000s\000t\000:\000:\000r\000e\000l\000o\000g\000o\000:\000:\000S\000e\000t\000C\000m\000p\000<\000\040\000T\000,\000\040\000V\000a\000l\000u\000e\000G\000e\000t\000t\000e\000r\000\040\000>\000\040\000S\000t\000r\000u\000c\000t\000\040\000T\000e\000m\000p\000l\000a\000t\000e\000\040\000R\000e\000f\000e\000r\000e\000n\000c\000e}{chapter.4}% 146
\BOOKMARK [2][-]{subsection.4.19.1}{\376\377\000D\000e\000t\000a\000i\000l\000e\000d\000\040\000D\000e\000s\000c\000r\000i\000p\000t\000i\000o\000n}{section.4.19}% 147
\BOOKMARK [1][-]{section.4.20}{\376\377\000r\000e\000p\000a\000s\000t\000:\000:\000r\000e\000l\000o\000g\000o\000:\000:\000S\000i\000m\000u\000l\000a\000t\000i\000o\000n\000R\000u\000n\000n\000e\000r\000\040\000C\000l\000a\000s\000s\000\040\000R\000e\000f\000e\000r\000e\000n\000c\000e}{chapter.4}% 148
\BOOKMARK [2][-]{subsection.4.20.1}{\376\377\000D\000e\000t\000a\000i\000l\000e\000d\000\040\000D\000e\000s\000c\000r\000i\000p\000t\000i\000o\000n}{section.4.20}% 149
\BOOKMARK [2][-]{subsection.4.20.2}{\376\377\000M\000e\000m\000b\000e\000r\000\040\000F\000u\000n\000c\000t\000i\000o\000n\000\040\000D\000o\000c\000u\000m\000e\000n\000t\000a\000t\000i\000o\000n}{section.4.20}% 150
\BOOKMARK [3][-]{subsubsection.4.20.2.1}{\376\377\000r\000u\000n}{subsection.4.20.2}% 151
\BOOKMARK [1][-]{section.4.21}{\376\377\000r\000e\000p\000a\000s\000t\000:\000:\000r\000e\000l\000o\000g\000o\000:\000:\000T\000u\000r\000t\000l\000e\000\040\000C\000l\000a\000s\000s\000\040\000R\000e\000f\000e\000r\000e\000n\000c\000e}{chapter.4}% 152
\BOOKMARK [2][-]{subsection.4.21.1}{\376\377\000D\000e\000t\000a\000i\000l\000e\000d\000\040\000D\000e\000s\000c\000r\000i\000p\000t\000i\000o\000n}{section.4.21}% 153
\BOOKMARK [2][-]{subsection.4.21.2}{\376\377\000M\000e\000m\000b\000e\000r\000\040\000F\000u\000n\000c\000t\000i\000o\000n\000\040\000D\000o\000c\000u\000m\000e\000n\000t\000a\000t\000i\000o\000n}{section.4.21}% 154
\BOOKMARK [3][-]{subsubsection.4.21.2.1}{\376\377\000b\000a\000c\000k\000w\000a\000r\000d}{subsection.4.21.2}% 155
\BOOKMARK [3][-]{subsubsection.4.21.2.2}{\376\377\000b\000k}{subsection.4.21.2}% 156
\BOOKMARK [3][-]{subsubsection.4.21.2.3}{\376\377\000c\000a\000n\000M\000o\000v\000e\000Q}{subsection.4.21.2}% 157
\BOOKMARK [3][-]{subsubsection.4.21.2.4}{\376\377\000c\000r\000e\000a\000t\000e\000L\000i\000n\000k\000F\000r\000o\000m}{subsection.4.21.2}% 158
\BOOKMARK [3][-]{subsubsection.4.21.2.5}{\376\377\000c\000r\000e\000a\000t\000e\000L\000i\000n\000k\000F\000r\000o\000m\000L\000C}{subsection.4.21.2}% 159
\BOOKMARK [3][-]{subsubsection.4.21.2.6}{\376\377\000c\000r\000e\000a\000t\000e\000L\000i\000n\000k\000s\000F\000r\000o\000m}{subsection.4.21.2}% 160
\BOOKMARK [3][-]{subsubsection.4.21.2.7}{\376\377\000c\000r\000e\000a\000t\000e\000L\000i\000n\000k\000s\000F\000r\000o\000m\000L\000C}{subsection.4.21.2}% 161
\BOOKMARK [3][-]{subsubsection.4.21.2.8}{\376\377\000c\000r\000e\000a\000t\000e\000L\000i\000n\000k\000s\000T\000o}{subsection.4.21.2}% 162
\BOOKMARK [3][-]{subsubsection.4.21.2.9}{\376\377\000c\000r\000e\000a\000t\000e\000L\000i\000n\000k\000s\000T\000o\000L\000C}{subsection.4.21.2}% 163
\BOOKMARK [3][-]{subsubsection.4.21.2.10}{\376\377\000c\000r\000e\000a\000t\000e\000L\000i\000n\000k\000s\000W\000i\000t\000h}{subsection.4.21.2}% 164
\BOOKMARK [3][-]{subsubsection.4.21.2.11}{\376\377\000c\000r\000e\000a\000t\000e\000L\000i\000n\000k\000s\000W\000i\000t\000h\000L\000C}{subsection.4.21.2}% 165
\BOOKMARK [3][-]{subsubsection.4.21.2.12}{\376\377\000c\000r\000e\000a\000t\000e\000L\000i\000n\000k\000T\000o}{subsection.4.21.2}% 166
\BOOKMARK [3][-]{subsubsection.4.21.2.13}{\376\377\000c\000r\000e\000a\000t\000e\000L\000i\000n\000k\000T\000o\000L\000C}{subsection.4.21.2}% 167
\BOOKMARK [3][-]{subsubsection.4.21.2.14}{\376\377\000c\000r\000e\000a\000t\000e\000L\000i\000n\000k\000W\000i\000t\000h}{subsection.4.21.2}% 168
\BOOKMARK [3][-]{subsubsection.4.21.2.15}{\376\377\000c\000r\000e\000a\000t\000e\000L\000i\000n\000k\000W\000i\000t\000h\000L\000C}{subsection.4.21.2}% 169
\BOOKMARK [3][-]{subsubsection.4.21.2.16}{\376\377\000d\000i\000e}{subsection.4.21.2}% 170
\BOOKMARK [3][-]{subsubsection.4.21.2.17}{\376\377\000d\000i\000s\000t\000a\000n\000c\000e}{subsection.4.21.2}% 171
\BOOKMARK [3][-]{subsubsection.4.21.2.18}{\376\377\000d\000o\000w\000n\000h\000i\000l\000l}{subsection.4.21.2}% 172
\BOOKMARK [3][-]{subsubsection.4.21.2.19}{\376\377\000d\000o\000w\000n\000h\000i\000l\000l\0004}{subsection.4.21.2}% 173
\BOOKMARK [3][-]{subsubsection.4.21.2.20}{\376\377\000d\000x}{subsection.4.21.2}% 174
\BOOKMARK [3][-]{subsubsection.4.21.2.21}{\376\377\000d\000y}{subsection.4.21.2}% 175
\BOOKMARK [3][-]{subsubsection.4.21.2.22}{\376\377\000f\000a\000c\000e}{subsection.4.21.2}% 176
\BOOKMARK [3][-]{subsubsection.4.21.2.23}{\376\377\000f\000a\000c\000e}{subsection.4.21.2}% 177
\BOOKMARK [3][-]{subsubsection.4.21.2.24}{\376\377\000f\000a\000c\000e\000x\000y}{subsection.4.21.2}% 178
\BOOKMARK [3][-]{subsubsection.4.21.2.25}{\376\377\000f\000d}{subsection.4.21.2}% 179
\BOOKMARK [3][-]{subsubsection.4.21.2.26}{\376\377\000f\000o\000r\000w\000a\000r\000d}{subsection.4.21.2}% 180
\BOOKMARK [3][-]{subsubsection.4.21.2.27}{\376\377\000h\000e\000a\000d\000i\000n\000g}{subsection.4.21.2}% 181
\BOOKMARK [3][-]{subsubsection.4.21.2.28}{\376\377\000h\000e\000a\000d\000i\000n\000g}{subsection.4.21.2}% 182
\BOOKMARK [3][-]{subsubsection.4.21.2.29}{\376\377\000i\000n\000L\000i\000n\000k\000F\000r\000o\000m}{subsection.4.21.2}% 183
\BOOKMARK [3][-]{subsubsection.4.21.2.30}{\376\377\000i\000n\000L\000i\000n\000k\000N\000e\000i\000g\000h\000b\000o\000r\000Q}{subsection.4.21.2}% 184
\BOOKMARK [3][-]{subsubsection.4.21.2.31}{\376\377\000i\000n\000L\000i\000n\000k\000N\000e\000i\000g\000h\000b\000o\000r\000s}{subsection.4.21.2}% 185
\BOOKMARK [3][-]{subsubsection.4.21.2.32}{\376\377\000j\000u\000m\000p}{subsection.4.21.2}% 186
\BOOKMARK [3][-]{subsubsection.4.21.2.33}{\376\377\000l\000e\000f\000t}{subsection.4.21.2}% 187
\BOOKMARK [3][-]{subsubsection.4.21.2.34}{\376\377\000l\000i\000n\000k\000N\000e\000i\000g\000h\000b\000o\000r\000Q}{subsection.4.21.2}% 188
\BOOKMARK [3][-]{subsubsection.4.21.2.35}{\376\377\000l\000i\000n\000k\000N\000e\000i\000g\000h\000b\000o\000r\000s}{subsection.4.21.2}% 189
\BOOKMARK [3][-]{subsubsection.4.21.2.36}{\376\377\000l\000i\000n\000k\000W\000i\000t\000h}{subsection.4.21.2}% 190
\BOOKMARK [3][-]{subsubsection.4.21.2.37}{\376\377\000l\000t}{subsection.4.21.2}% 191
\BOOKMARK [3][-]{subsubsection.4.21.2.38}{\376\377\000m\000o\000v\000e}{subsection.4.21.2}% 192
\BOOKMARK [3][-]{subsubsection.4.21.2.39}{\376\377\000m\000o\000v\000e\000T\000o}{subsection.4.21.2}% 193
\BOOKMARK [3][-]{subsubsection.4.21.2.40}{\376\377\000m\000o\000v\000e\000T\000o}{subsection.4.21.2}% 194
\BOOKMARK [3][-]{subsubsection.4.21.2.41}{\376\377\000m\000v}{subsection.4.21.2}% 195
\BOOKMARK [3][-]{subsubsection.4.21.2.42}{\376\377\000o\000u\000t\000L\000i\000n\000k\000N\000e\000i\000g\000h\000b\000o\000r\000Q}{subsection.4.21.2}% 196
\BOOKMARK [3][-]{subsubsection.4.21.2.43}{\376\377\000o\000u\000t\000L\000i\000n\000k\000N\000e\000i\000g\000h\000b\000o\000r\000s}{subsection.4.21.2}% 197
\BOOKMARK [3][-]{subsubsection.4.21.2.44}{\376\377\000o\000u\000t\000L\000i\000n\000k\000T\000o}{subsection.4.21.2}% 198
\BOOKMARK [3][-]{subsubsection.4.21.2.45}{\376\377\000p\000a\000t\000c\000h\000H\000e\000r\000e}{subsection.4.21.2}% 199
\BOOKMARK [3][-]{subsubsection.4.21.2.46}{\376\377\000p\000a\000t\000c\000h\000L\000e\000f\000t\000A\000n\000d\000A\000h\000e\000a\000d}{subsection.4.21.2}% 200
\BOOKMARK [3][-]{subsubsection.4.21.2.47}{\376\377\000p\000a\000t\000c\000h\000R\000i\000g\000h\000t\000A\000n\000d\000A\000h\000e\000a\000d}{subsection.4.21.2}% 201
\BOOKMARK [3][-]{subsubsection.4.21.2.48}{\376\377\000p\000x\000C\000o\000r}{subsection.4.21.2}% 202
\BOOKMARK [3][-]{subsubsection.4.21.2.49}{\376\377\000p\000y\000C\000o\000r}{subsection.4.21.2}% 203
\BOOKMARK [3][-]{subsubsection.4.21.2.50}{\376\377\000s\000e\000t\000x\000y}{subsection.4.21.2}% 204
\BOOKMARK [3][-]{subsubsection.4.21.2.51}{\376\377\000t\000o\000w\000a\000r\000d\000s}{subsection.4.21.2}% 205
\BOOKMARK [3][-]{subsubsection.4.21.2.52}{\376\377\000t\000o\000w\000a\000r\000d\000s}{subsection.4.21.2}% 206
\BOOKMARK [3][-]{subsubsection.4.21.2.53}{\376\377\000t\000o\000w\000a\000r\000d\000s\000x\000y}{subsection.4.21.2}% 207
\BOOKMARK [3][-]{subsubsection.4.21.2.54}{\376\377\000u\000p\000h\000i\000l\000l}{subsection.4.21.2}% 208
\BOOKMARK [3][-]{subsubsection.4.21.2.55}{\376\377\000u\000p\000h\000i\000l\000l\0004}{subsection.4.21.2}% 209
\BOOKMARK [3][-]{subsubsection.4.21.2.56}{\376\377\000x\000C\000o\000r}{subsection.4.21.2}% 210
\BOOKMARK [3][-]{subsubsection.4.21.2.57}{\376\377\000y\000C\000o\000r}{subsection.4.21.2}% 211
\BOOKMARK [1][-]{section.4.22}{\376\377\000r\000e\000p\000a\000s\000t\000:\000:\000r\000e\000l\000o\000g\000o\000:\000:\000T\000u\000r\000t\000l\000e\000C\000a\000s\000t\000e\000r\000\040\000S\000t\000r\000u\000c\000t\000\040\000R\000e\000f\000e\000r\000e\000n\000c\000e}{chapter.4}% 212
\BOOKMARK [2][-]{subsection.4.22.1}{\376\377\000D\000e\000t\000a\000i\000l\000e\000d\000\040\000D\000e\000s\000c\000r\000i\000p\000t\000i\000o\000n}{section.4.22}% 213
\BOOKMARK [1][-]{section.4.23}{\376\377\000r\000e\000p\000a\000s\000t\000:\000:\000r\000e\000l\000o\000g\000o\000:\000:\000T\000y\000p\000e\000I\000n\000f\000o\000C\000m\000p\000\040\000S\000t\000r\000u\000c\000t\000\040\000R\000e\000f\000e\000r\000e\000n\000c\000e}{chapter.4}% 214
\BOOKMARK [2][-]{subsection.4.23.1}{\376\377\000D\000e\000t\000a\000i\000l\000e\000d\000\040\000D\000e\000s\000c\000r\000i\000p\000t\000i\000o\000n}{section.4.23}% 215
\BOOKMARK [1][-]{section.4.24}{\376\377\000r\000e\000p\000a\000s\000t\000:\000:\000r\000e\000l\000o\000g\000o\000:\000:\000W\000o\000r\000l\000d\000C\000r\000e\000a\000t\000o\000r\000\040\000C\000l\000a\000s\000s\000\040\000R\000e\000f\000e\000r\000e\000n\000c\000e}{chapter.4}% 216
\BOOKMARK [2][-]{subsection.4.24.1}{\376\377\000D\000e\000t\000a\000i\000l\000e\000d\000\040\000D\000e\000s\000c\000r\000i\000p\000t\000i\000o\000n}{section.4.24}% 217
\BOOKMARK [2][-]{subsection.4.24.2}{\376\377\000M\000e\000m\000b\000e\000r\000\040\000F\000u\000n\000c\000t\000i\000o\000n\000\040\000D\000o\000c\000u\000m\000e\000n\000t\000a\000t\000i\000o\000n}{section.4.24}% 218
\BOOKMARK [3][-]{subsubsection.4.24.2.1}{\376\377\000c\000r\000e\000a\000t\000e\000W\000o\000r\000l\000d}{subsection.4.24.2}% 219
\BOOKMARK [3][-]{subsubsection.4.24.2.2}{\376\377\000c\000r\000e\000a\000t\000e\000W\000o\000r\000l\000d}{subsection.4.24.2}% 220
\BOOKMARK [1][-]{section.4.25}{\376\377\000r\000e\000p\000a\000s\000t\000:\000:\000r\000e\000l\000o\000g\000o\000:\000:\000W\000o\000r\000l\000d\000D\000e\000f\000i\000n\000i\000t\000i\000o\000n\000\040\000C\000l\000a\000s\000s\000\040\000R\000e\000f\000e\000r\000e\000n\000c\000e}{chapter.4}% 221
\BOOKMARK [2][-]{subsection.4.25.1}{\376\377\000D\000e\000t\000a\000i\000l\000e\000d\000\040\000D\000e\000s\000c\000r\000i\000p\000t\000i\000o\000n}{section.4.25}% 222
\BOOKMARK [2][-]{subsection.4.25.2}{\376\377\000C\000o\000n\000s\000t\000r\000u\000c\000t\000o\000r\000\040\000\046\000\040\000D\000e\000s\000t\000r\000u\000c\000t\000o\000r\000\040\000D\000o\000c\000u\000m\000e\000n\000t\000a\000t\000i\000o\000n}{section.4.25}% 223
\BOOKMARK [3][-]{subsubsection.4.25.2.1}{\376\377\000W\000o\000r\000l\000d\000D\000e\000f\000i\000n\000i\000t\000i\000o\000n}{subsection.4.25.2}% 224
\BOOKMARK [2][-]{subsection.4.25.3}{\376\377\000M\000e\000m\000b\000e\000r\000\040\000F\000u\000n\000c\000t\000i\000o\000n\000\040\000D\000o\000c\000u\000m\000e\000n\000t\000a\000t\000i\000o\000n}{section.4.25}% 225
\BOOKMARK [3][-]{subsubsection.4.25.3.1}{\376\377\000b\000u\000f\000f\000e\000r}{subsection.4.25.3}% 226
\BOOKMARK [3][-]{subsubsection.4.25.3.2}{\376\377\000d\000e\000f\000i\000n\000e\000N\000e\000t\000w\000o\000r\000k}{subsection.4.25.3}% 227
\BOOKMARK [3][-]{subsubsection.4.25.3.3}{\376\377\000d\000e\000f\000i\000n\000e\000N\000e\000t\000w\000o\000r\000k}{subsection.4.25.3}% 228
\BOOKMARK [3][-]{subsubsection.4.25.3.4}{\376\377\000d\000i\000m\000e\000n\000s\000i\000o\000n\000s}{subsection.4.25.3}% 229
\BOOKMARK [3][-]{subsubsection.4.25.3.5}{\376\377\000i\000s\000W\000r\000a\000p\000p\000e\000d}{subsection.4.25.3}% 230
\BOOKMARK [3][-]{subsubsection.4.25.3.6}{\376\377\000m\000a\000x\000X}{subsection.4.25.3}% 231
\BOOKMARK [3][-]{subsubsection.4.25.3.7}{\376\377\000m\000a\000x\000Y}{subsection.4.25.3}% 232
\BOOKMARK [3][-]{subsubsection.4.25.3.8}{\376\377\000m\000i\000n\000X}{subsection.4.25.3}% 233
\BOOKMARK [3][-]{subsubsection.4.25.3.9}{\376\377\000m\000i\000n\000Y}{subsection.4.25.3}% 234
\BOOKMARK [3][-]{subsubsection.4.25.3.10}{\376\377\000n\000e\000t\000w\000o\000r\000k\000s\000\137\000b\000e\000g\000i\000n}{subsection.4.25.3}% 235
\BOOKMARK [3][-]{subsubsection.4.25.3.11}{\376\377\000n\000e\000t\000w\000o\000r\000k\000s\000\137\000e\000n\000d}{subsection.4.25.3}% 236
