This is pdfTeX, Version 3.1415926-2.3-1.40.12 (TeX Live 2011) (format=pdflatex 2011.7.3)  13 AUG 2013 11:43
entering extended mode
 \write18 enabled.
 file:line:error style messages enabled.
 %&-line parsing enabled.
**repast_hpc.tex
(./repast_hpc.tex
LaTeX2e <2009/09/24>
Babel <v3.8l> and hyphenation patterns for english, dumylang, nohyphenation, ge
rman-x-2009-06-19, ngerman-x-2009-06-19, afrikaans, ancientgreek, ibycus, arabi
c, armenian, basque, bulgarian, catalan, pinyin, coptic, croatian, czech, danis
h, dutch, ukenglish, usenglishmax, esperanto, estonian, ethiopic, farsi, finnis
h, french, galician, german, ngerman, swissgerman, monogreek, greek, hungarian,
 icelandic, assamese, bengali, gujarati, hindi, kannada, malayalam, marathi, or
iya, panjabi, tamil, telugu, indonesian, interlingua, irish, italian, kurmanji,
 lao, latin, latvian, lithuanian, mongolian, mongolianlmc, bokmal, nynorsk, pol
ish, portuguese, romanian, russian, sanskrit, serbian, serbianc, slovak, sloven
ian, spanish, swedish, turkish, turkmen, ukrainian, uppersorbian, welsh, loaded
.
(/usr/local/texlive/2011/texmf-dist/tex/latex/base/article.cls
Document Class: article 2007/10/19 v1.4h Standard LaTeX document class
(/usr/local/texlive/2011/texmf-dist/tex/latex/base/size12.clo
File: size12.clo 2007/10/19 v1.4h Standard LaTeX file (size option)
)
\c@part=\count79
\c@section=\count80
\c@subsection=\count81
\c@subsubsection=\count82
\c@paragraph=\count83
\c@subparagraph=\count84
\c@figure=\count85
\c@table=\count86
\abovecaptionskip=\skip41
\belowcaptionskip=\skip42
\bibindent=\dimen102
)
(/usr/local/texlive/2011/texmf-dist/tex/latex/geometry/geometry.sty
Package: geometry 2010/09/12 v5.6 Page Geometry

(/usr/local/texlive/2011/texmf-dist/tex/latex/graphics/keyval.sty
Package: keyval 1999/03/16 v1.13 key=value parser (DPC)
\KV@toks@=\toks14
)
(/usr/local/texlive/2011/texmf-dist/tex/generic/oberdiek/ifpdf.sty
Package: ifpdf 2011/01/30 v2.3 Provides the ifpdf switch (HO)
Package ifpdf Info: pdfTeX in PDF mode is detected.
)
(/usr/local/texlive/2011/texmf-dist/tex/generic/oberdiek/ifvtex.sty
Package: ifvtex 2010/03/01 v1.5 Switches for detecting VTeX and its modes (HO)
Package ifvtex Info: VTeX not detected.
)
(/usr/local/texlive/2011/texmf-dist/tex/generic/ifxetex/ifxetex.sty
Package: ifxetex 2010/09/12 v0.6 Provides ifxetex conditional
)
\Gm@cnth=\count87
\Gm@cntv=\count88
\c@Gm@tempcnt=\count89
\Gm@bindingoffset=\dimen103
\Gm@wd@mp=\dimen104
\Gm@odd@mp=\dimen105
\Gm@even@mp=\dimen106
\Gm@layoutwidth=\dimen107
\Gm@layoutheight=\dimen108
\Gm@layouthoffset=\dimen109
\Gm@layoutvoffset=\dimen110
\Gm@dimlist=\toks15
)
(/usr/local/texlive/2011/texmf-dist/tex/latex/parskip/parskip.sty
Package: parskip 2001/04/09 non-zero parskip adjustments
)
(/usr/local/texlive/2011/texmf-dist/tex/latex/graphics/graphicx.sty
Package: graphicx 1999/02/16 v1.0f Enhanced LaTeX Graphics (DPC,SPQR)

(/usr/local/texlive/2011/texmf-dist/tex/latex/graphics/graphics.sty
Package: graphics 2009/02/05 v1.0o Standard LaTeX Graphics (DPC,SPQR)

(/usr/local/texlive/2011/texmf-dist/tex/latex/graphics/trig.sty
Package: trig 1999/03/16 v1.09 sin cos tan (DPC)
)
(/usr/local/texlive/2011/texmf-dist/tex/latex/latexconfig/graphics.cfg
File: graphics.cfg 2010/04/23 v1.9 graphics configuration of TeX Live
)
Package graphics Info: Driver file: pdftex.def on input line 91.

(/usr/local/texlive/2011/texmf-dist/tex/latex/pdftex-def/pdftex.def
File: pdftex.def 2011/05/27 v0.06d Graphics/color for pdfTeX

(/usr/local/texlive/2011/texmf-dist/tex/generic/oberdiek/infwarerr.sty
Package: infwarerr 2010/04/08 v1.3 Providing info/warning/message (HO)
)
(/usr/local/texlive/2011/texmf-dist/tex/generic/oberdiek/ltxcmds.sty
Package: ltxcmds 2011/04/18 v1.20 LaTeX kernel commands for general use (HO)
)
\Gread@gobject=\count90
))
\Gin@req@height=\dimen111
\Gin@req@width=\dimen112
)
(/usr/local/texlive/2011/texmf-dist/tex/latex/amsfonts/amssymb.sty
Package: amssymb 2009/06/22 v3.00

(/usr/local/texlive/2011/texmf-dist/tex/latex/amsfonts/amsfonts.sty
Package: amsfonts 2009/06/22 v3.00 Basic AMSFonts support
\@emptytoks=\toks16
\symAMSa=\mathgroup4
\symAMSb=\mathgroup5
LaTeX Font Info:    Overwriting math alphabet `\mathfrak' in version `bold'
(Font)                  U/euf/m/n --> U/euf/b/n on input line 96.
))
(/usr/local/texlive/2011/texmf-dist/tex/latex/oberdiek/epstopdf.sty
Package: epstopdf 2010/02/09 v2.5 Conversion with epstopdf on the fly (HO)

(/usr/local/texlive/2011/texmf-dist/tex/latex/oberdiek/epstopdf-base.sty
Package: epstopdf-base 2010/02/09 v2.5 Base part for package epstopdf

(/usr/local/texlive/2011/texmf-dist/tex/latex/oberdiek/grfext.sty
Package: grfext 2010/08/19 v1.1 Managing graphics extensions (HO)

(/usr/local/texlive/2011/texmf-dist/tex/generic/oberdiek/kvdefinekeys.sty
Package: kvdefinekeys 2011/04/07 v1.3 Defining keys (HO)
))
(/usr/local/texlive/2011/texmf-dist/tex/latex/oberdiek/kvoptions.sty
Package: kvoptions 2010/12/23 v3.10 Keyval support for LaTeX options (HO)

(/usr/local/texlive/2011/texmf-dist/tex/generic/oberdiek/kvsetkeys.sty
Package: kvsetkeys 2011/04/07 v1.13 Key value parser (HO)

(/usr/local/texlive/2011/texmf-dist/tex/generic/oberdiek/etexcmds.sty
Package: etexcmds 2011/02/16 v1.5 Prefix for e-TeX command names (HO)

(/usr/local/texlive/2011/texmf-dist/tex/generic/oberdiek/ifluatex.sty
Package: ifluatex 2010/03/01 v1.3 Provides the ifluatex switch (HO)
Package ifluatex Info: LuaTeX not detected.
)
Package etexcmds Info: Could not find \expanded.
(etexcmds)             That can mean that you are not using pdfTeX 1.50 or
(etexcmds)             that some package has redefined \expanded.
(etexcmds)             In the latter case, load this package earlier.
)))
(/usr/local/texlive/2011/texmf-dist/tex/generic/oberdiek/pdftexcmds.sty
Package: pdftexcmds 2011/04/22 v0.16 Utilities of pdfTeX for LuaTeX (HO)
Package pdftexcmds Info: LuaTeX not detected.
Package pdftexcmds Info: \pdf@primitive is available.
Package pdftexcmds Info: \pdf@ifprimitive is available.
Package pdftexcmds Info: \pdfdraftmode found.
)
Package grfext Info: Graphics extension search list:
(grfext)             [.png,.pdf,.jpg,.mps,.jpeg,.jbig2,.jb2,.PNG,.PDF,.JPG,.JPE
G,.JBIG2,.JB2,.eps]
(grfext)             \AppendGraphicsExtensions on input line 452.

(/usr/local/texlive/2011/texmf-dist/tex/latex/latexconfig/epstopdf-sys.cfg
File: epstopdf-sys.cfg 2010/07/13 v1.3 Configuration of (r)epstopdf for TeX Liv
e
)))
(/usr/local/texlive/2011/texmf-dist/tex/latex/graphics/color.sty
Package: color 2005/11/14 v1.0j Standard LaTeX Color (DPC)

(/usr/local/texlive/2011/texmf-dist/tex/latex/latexconfig/color.cfg
File: color.cfg 2007/01/18 v1.5 color configuration of teTeX/TeXLive
)
Package color Info: Driver file: pdftex.def on input line 130.

(/usr/local/texlive/2011/texmf-dist/tex/latex/graphics/dvipsnam.def
File: dvipsnam.def 1999/02/16 v3.0i Driver-dependant file (DPC,SPQR)
))
(/usr/local/texlive/2011/texmf-dist/tex/latex/fancyvrb/fancyvrb.sty
Package: fancyvrb 2008/02/07

Style option: `fancyvrb' v2.7a, with DG/SPQR fixes, and firstline=lastline fix 
<2008/02/07> (tvz)
\FV@CodeLineNo=\count91
\FV@InFile=\read1
\FV@TabBox=\box26
\c@FancyVerbLine=\count92
\FV@StepNumber=\count93
\FV@OutFile=\write3
)
(/usr/local/texlive/2011/texmf-dist/tex/latex/listings/listings.sty
\lst@mode=\count94
\lst@gtempboxa=\box27
\lst@token=\toks17
\lst@length=\count95
\lst@currlwidth=\dimen113
\lst@column=\count96
\lst@pos=\count97
\lst@lostspace=\dimen114
\lst@width=\dimen115
\lst@newlines=\count98
\lst@lineno=\count99
\lst@maxwidth=\dimen116

(/usr/local/texlive/2011/texmf-dist/tex/latex/listings/lstmisc.sty
File: lstmisc.sty 2007/02/22 1.4 (Carsten Heinz)
\c@lstnumber=\count100
\lst@skipnumbers=\count101
\lst@framebox=\box28
)
(/usr/local/texlive/2011/texmf-dist/tex/latex/listings/listings.cfg
File: listings.cfg 2007/02/22 1.4 listings configuration
))
Package: listings 2007/02/22 1.4 (Carsten Heinz)

(/usr/local/texlive/2011/texmf-dist/tex/latex/caption/caption.sty
Package: caption 2010/01/09 v3.1m Customizing captions (AR)

(/usr/local/texlive/2011/texmf-dist/tex/latex/caption/caption3.sty
Package: caption3 2010/01/14 v3.1m caption3 kernel (AR)
\captionmargin=\dimen117
\captionmargin@=\dimen118
\captionwidth=\dimen119
\caption@indent=\dimen120
\caption@parindent=\dimen121
\caption@hangindent=\dimen122
)
\c@ContinuedFloat=\count102
Package caption Info: listings package is loaded.
)
(/usr/local/texlive/2011/texmf-dist/tex/latex/url/url.sty
\Urlmuskip=\muskip10
Package: url 2006/04/12  ver 3.3  Verb mode for urls, etc.
)
(/usr/local/texlive/2011/texmf-dist/tex/latex/listings/lstmisc.sty
File: lstmisc.sty 2007/02/22 1.4 (Carsten Heinz)
\lstFV@gtempboxa=\box29
)
(./repast_hpc.aux

LaTeX Warning: Label `lst:nicecode' multiply defined.


LaTeX Warning: Label `lst:nicecode' multiply defined.


LaTeX Warning: Label `lst:nicecode' multiply defined.


LaTeX Warning: Label `lst:nicecode' multiply defined.


LaTeX Warning: Label `lst:nicecode' multiply defined.


LaTeX Warning: Label `lst:nicecode' multiply defined.


LaTeX Warning: Label `lst:nicecode' multiply defined.


LaTeX Warning: Label `lst:nicecode' multiply defined.


LaTeX Warning: Label `lst:provider' multiply defined.


LaTeX Warning: Label `lst:provider' multiply defined.


LaTeX Warning: Label `lst:provider' multiply defined.


LaTeX Warning: Label `lst:provider' multiply defined.


LaTeX Warning: Label `lst:provider' multiply defined.


LaTeX Warning: Label `lst:provider' multiply defined.


LaTeX Warning: Label `lst:provider' multiply defined.


LaTeX Warning: Label `lst:provider' multiply defined.


LaTeX Warning: Label `lst:provider' multiply defined.


LaTeX Warning: Label `lst:provider' multiply defined.


LaTeX Warning: Label `lst:provider' multiply defined.


LaTeX Warning: Label `lst:provider' multiply defined.


LaTeX Warning: Label `lst:provider' multiply defined.


LaTeX Warning: Label `lst:provider' multiply defined.


LaTeX Warning: Label `lst:provider' multiply defined.


LaTeX Warning: Label `lst:provider' multiply defined.


LaTeX Warning: Label `lst:provider' multiply defined.


LaTeX Warning: Label `lst:provider' multiply defined.


LaTeX Warning: Label `lst:provider' multiply defined.


LaTeX Warning: Label `lst:provider' multiply defined.


LaTeX Warning: Label `lst:provider' multiply defined.


LaTeX Warning: Label `lst:provider' multiply defined.


LaTeX Warning: Label `lst:provider' multiply defined.


LaTeX Warning: Label `lst:provider' multiply defined.


LaTeX Warning: Label `lst:provider' multiply defined.


LaTeX Warning: Label `lst:provider' multiply defined.


LaTeX Warning: Label `lst:provider' multiply defined.


LaTeX Warning: Label `lst:provider' multiply defined.


LaTeX Warning: Label `lst:provider' multiply defined.


LaTeX Warning: Label `lst:provider' multiply defined.


LaTeX Warning: Label `lst:provider' multiply defined.


LaTeX Warning: Label `lst:provider' multiply defined.


LaTeX Warning: Label `lst:provider' multiply defined.


LaTeX Warning: Label `lst:provider' multiply defined.


LaTeX Warning: Label `lst:provider' multiply defined.


LaTeX Warning: Label `lst:provider' multiply defined.


LaTeX Warning: Label `lst:provider' multiply defined.


LaTeX Warning: Label `lst:provider' multiply defined.


LaTeX Warning: Label `lst:provider' multiply defined.


LaTeX Warning: Label `lst:provider' multiply defined.


LaTeX Warning: Label `lst:provider' multiply defined.


LaTeX Warning: Label `lst:provider' multiply defined.


LaTeX Warning: Label `lst:provider' multiply defined.


LaTeX Warning: Label `lst:provider' multiply defined.


LaTeX Warning: Label `lst:provider' multiply defined.

)
\openout1 = `repast_hpc.aux'.

LaTeX Font Info:    Checking defaults for OML/cmm/m/it on input line 42.
LaTeX Font Info:    ... okay on input line 42.
LaTeX Font Info:    Checking defaults for T1/cmr/m/n on input line 42.
LaTeX Font Info:    ... okay on input line 42.
LaTeX Font Info:    Checking defaults for OT1/cmr/m/n on input line 42.
LaTeX Font Info:    ... okay on input line 42.
LaTeX Font Info:    Checking defaults for OMS/cmsy/m/n on input line 42.
LaTeX Font Info:    ... okay on input line 42.
LaTeX Font Info:    Checking defaults for OMX/cmex/m/n on input line 42.
LaTeX Font Info:    ... okay on input line 42.
LaTeX Font Info:    Checking defaults for U/cmr/m/n on input line 42.
LaTeX Font Info:    ... okay on input line 42.

*geometry* driver: auto-detecting
*geometry* detected driver: pdftex
*geometry* verbose mode - [ preamble ] result:
* driver: pdftex
* paper: letterpaper
* layout: <same size as paper>
* layoutoffset:(h,v)=(0.0pt,0.0pt)
* modes: 
* h-part:(L,W,R)=(92.14519pt, 430.00462pt, 92.14519pt)
* v-part:(T,H,B)=(95.39737pt, 556.47656pt, 143.09605pt)
* \paperwidth=614.295pt
* \paperheight=794.96999pt
* \textwidth=430.00462pt
* \textheight=556.47656pt
* \oddsidemargin=19.8752pt
* \evensidemargin=19.8752pt
* \topmargin=-13.87262pt
* \headheight=12.0pt
* \headsep=25.0pt
* \topskip=12.0pt
* \footskip=30.0pt
* \marginparwidth=44.0pt
* \marginparsep=10.0pt
* \columnsep=10.0pt
* \skip\footins=10.8pt plus 4.0pt minus 2.0pt
* \hoffset=0.0pt
* \voffset=0.0pt
* \mag=1000
* \@twocolumnfalse
* \@twosidefalse
* \@mparswitchfalse
* \@reversemarginfalse
* (1in=72.27pt=25.4mm, 1cm=28.453pt)

(/usr/local/texlive/2011/texmf-dist/tex/context/base/supp-pdf.mkii
[Loading MPS to PDF converter (version 2006.09.02).]
\scratchcounter=\count103
\scratchdimen=\dimen123
\scratchbox=\box30
\nofMPsegments=\count104
\nofMParguments=\count105
\everyMPshowfont=\toks18
\MPscratchCnt=\count106
\MPscratchDim=\dimen124
\MPnumerator=\count107
\makeMPintoPDFobject=\count108
\everyMPtoPDFconversion=\toks19
)
\c@lstlisting=\count109
Package caption Info: Begin \AtBeginDocument code.
Package caption Info: End \AtBeginDocument code.
LaTeX Font Info:    Try loading font information for U+msa on input line 43.
 (/usr/local/texlive/2011/texmf-dist/tex/latex/amsfonts/umsa.fd
File: umsa.fd 2009/06/22 v3.00 AMS symbols A
)
LaTeX Font Info:    Try loading font information for U+msb on input line 43.

(/usr/local/texlive/2011/texmf-dist/tex/latex/amsfonts/umsb.fd
File: umsb.fd 2009/06/22 v3.00 AMS symbols B
)
LaTeX Font Info:    Try loading font information for OMS+cmr on input line 54.

(/usr/local/texlive/2011/texmf-dist/tex/latex/base/omscmr.fd
File: omscmr.fd 1999/05/25 v2.5h Standard LaTeX font definitions
)
LaTeX Font Info:    Font shape `OMS/cmr/m/n' in size <12> not available
(Font)              Font shape `OMS/cmsy/m/n' tried instead on input line 54.
Missing character: There is no ¥ in font cmr12!

(/usr/local/texlive/2011/texmf-dist/tex/latex/listings/lstlang1.sty
File: lstlang1.sty 2004/09/05 1.3 listings language file
)
(/usr/local/texlive/2011/texmf-dist/tex/latex/listings/lstlang1.sty
File: lstlang1.sty 2004/09/05 1.3 listings language file
)
(/usr/local/texlive/2011/texmf-dist/tex/latex/listings/lstmisc.sty
File: lstmisc.sty 2007/02/22 1.4 (Carsten Heinz)
)
Overfull \hbox (30.0pt too wide) in paragraph at lines 66--84
[]$ 
 []

[1

{/usr/local/texlive/2011/texmf-var/fonts/map/pdftex/updmap/pdftex.map}]
[2] [3] [4]
Missing character: There is no ¥ in font cmr12!
 [5] [6] [7] [8]
Overfull \hbox (0.32271pt too wide) in paragraph at lines 290--291
\OT1/cmr/m/n/12 Pro-cess is im-ple-mented as a sin-gle-ton (one per pro-cess). 
It can be re-trieved with 
 []

[9]
Missing character: There is no Õ in font cmr12!
 [10] [11] [12] <net.png, id=48, 586.8324pt x 114.6684pt>
File: net.png Graphic file (type png)
 <use net.png>
Package pdftex.def Info: net.png used on input line 440.
(pdftex.def)             Requested size: 426.79134pt x 83.39752pt.

Overfull \hbox (26.78671pt too wide) in paragraph at lines 440--441
[][] 
 []

[13] <grid.png, id=54, 457.2282pt x 249.0906pt> [14 <./net.png>]
File: grid.png Graphic file (type png)

<use grid.png>
Package pdftex.def Info: grid.png used on input line 471.
(pdftex.def)             Requested size: 426.79134pt x 232.51083pt.

Overfull \hbox (26.78671pt too wide) in paragraph at lines 471--472
[][] 
 []

[15 <./grid.png>] [16]
Missing character: There is no Ò in font cmr12!
Missing character: There is no Ó in font cmr12!
Missing character: There is no ¥ in font cmr12!

Overfull \hbox (30.0pt too wide) in paragraph at lines 526--548
[]$[]$ 
 []

[17]
Overfull \hbox (30.0pt too wide) in paragraph at lines 551--563
[]$[]$ 
 []

[18]
Overfull \hbox (30.0pt too wide) in paragraph at lines 571--580
[]$[]$ 
 []


Overfull \hbox (30.0pt too wide) in paragraph at lines 585--598
[]$[]$ 
 []

[19]
Overfull \hbox (30.0pt too wide) in paragraph at lines 601--611
[]$[]$ 
 []

[20]
Overfull \hbox (30.0pt too wide) in paragraph at lines 636--648
[]$[]$ 
 []


Overfull \hbox (30.0pt too wide) in paragraph at lines 651--686
[]$[]$ 
 []

[21]
Overfull \hbox (30.0pt too wide) in paragraph at lines 689--711
[]$[]$ 
 []

[22]
Missing character: There is no ¥ in font cmr12!

Overfull \hbox (30.0pt too wide) in paragraph at lines 731--754
[]$[]$ 
 []

[23] [24] [25]
LaTeX Font Info:    Font shape `OT1/cmtt/bx/n' in size <14.4> not available
(Font)              Font shape `OT1/cmtt/m/n' tried instead on input line 819.
 [26] [27]
Missing character: There is no ¥ in font cmr12!
Missing character: There is no ¥ in font cmr12!
 [28]
Missing character: There is no ¥ in font cmr12!
 [29] [30] [31]
Overfull \hbox (30.0pt too wide) in paragraph at lines 1015--1034
[]$[]$ 
 []

[32]
Missing character: There is no ¥ in font cmr12!
 [33]
Overfull \hbox (30.0pt too wide) in paragraph at lines 1083--1099
[]$[]$ 
 []

[34] [35]
Overfull \hbox (30.0pt too wide) in paragraph at lines 1166--1210
[]$[]$ 
 []

[36]
Overfull \vbox (34.32368pt too high) has occurred while \output is active []


[37]
Overfull \hbox (30.0pt too wide) in paragraph at lines 1221--1249
[]$[]$ 
 []

[38] [39] [40]
Overfull \hbox (13.57503pt too wide) in paragraph at lines 1295--1298
[]\OT1/cmr/m/n/12 proc.per.x the num-ber of pro-cesses to as-sign to the world'
s x di-men-sion. proc.per.x
 []


Overfull \hbox (13.57503pt too wide) in paragraph at lines 1298--1301
[]\OT1/cmr/m/n/12 proc.per.y the num-ber of pro-cesses to as-sign to the world'
s y di-men-sion. proc.per.x
 []

Missing character: There is no ¥ in font cmr12!

Overfull \hbox (30.0pt too wide) in paragraph at lines 1334--1358
[]$[]$ 
 []

[41]
Overfull \hbox (30.0pt too wide) in paragraph at lines 1364--1391
[]$[]$ 
 []

[42] [43] (./repast_hpc.aux)

LaTeX Warning: There were multiply-defined labels.

 ) 
Here is how much of TeX's memory you used:
 5886 strings out of 493633
 88379 string characters out of 3143378
 307747 words of memory out of 3000000
 9112 multiletter control sequences out of 15000+200000
 13556 words of font info for 53 fonts, out of 3000000 for 9000
 831 hyphenation exceptions out of 8191
 42i,6n,58p,1063b,1522s stack positions out of 5000i,500n,10000p,200000b,50000s
</usr/local/texlive/2011/texmf-dist/fonts/type1/public/amsfonts/cm/cmbx12.pfb
></usr/local/texlive/2011/texmf-dist/fonts/type1/public/amsfonts/cm/cmr12.pfb><
/usr/local/texlive/2011/texmf-dist/fonts/type1/public/amsfonts/cm/cmr17.pfb></u
sr/local/texlive/2011/texmf-dist/fonts/type1/public/amsfonts/cm/cmr6.pfb></usr/
local/texlive/2011/texmf-dist/fonts/type1/public/amsfonts/cm/cmsy10.pfb></usr/l
ocal/texlive/2011/texmf-dist/fonts/type1/public/amsfonts/cm/cmti12.pfb></usr/lo
cal/texlive/2011/texmf-dist/fonts/type1/public/amsfonts/cm/cmtt10.pfb></usr/loc
al/texlive/2011/texmf-dist/fonts/type1/public/amsfonts/cm/cmtt12.pfb>
Output written on repast_hpc.pdf (43 pages, 296430 bytes).
PDF statistics:
 182 PDF objects out of 1000 (max. 8388607)
 123 compressed objects within 2 object streams
 0 named destinations out of 1000 (max. 500000)
 11 words of extra memory for PDF output out of 10000 (max. 10000000)

